<?xml version="1.0"?>
<!--Phoronix Test Suite v10.8.4-->
<PhoronixTestSuite>
  <TestInformation>
    <Title>z3</Title>
    <AppVersion>1.0</AppVersion>
    <Description>z3 theorem prover</Description>
    <ResultScale>Seconds</ResultScale>
    <Proportion>LIB</Proportion>
    <SubTitle></SubTitle>
    <Executable></Executable>
    <TimesToRun>3</TimesToRun>
  </TestInformation>
  <TestProfile>
    <Version>1.0.0</Version>
    <SupportedPlatforms>Linux</SupportedPlatforms>
    <SoftwareType>Scientific</SoftwareType>
    <TestType>Processor</TestType>
    <License>Free</License>
    <Status>Experimental</Status>
    <SupportedArchitectures>x86_64</SupportedArchitectures>
    <ExternalDependencies>build-utilities,cmake</ExternalDependencies>
    <EnvironmentSize></EnvironmentSize>
    <ProjectURL></ProjectURL>
    <RepositoryURL>https://github.com/Z3Prover/z3</RepositoryURL>
    <Maintainer>Lucian Popescu</Maintainer>
    <SystemDependencies></SystemDependencies>
  </TestProfile>
  <TestSettings>
    <Option>
      <DisplayName>smt file</DisplayName>
      <Identifier>file</Identifier>
      <ArgumentPrefix></ArgumentPrefix>
      <Menu>
        <Entry>
          <Name>1.smt2</Name>
          <Value>1.smt2</Value>
        </Entry>
        <Entry>
          <Name>2.smt2</Name>
          <Value>2.smt2</Value>
        </Entry>
      </Menu>
    </Option>
  </TestSettings>
</PhoronixTestSuite>
