<?xml version="1.0"?>
<!--Phoronix Test Suite v10.8.4-->
<PhoronixTestSuite>
  <TestInformation>
    <Title>z3</Title>
    <AppVersion>4.0.1</AppVersion>
    <Description>z3 theorem solver</Description>
    <ResultScale>Seconds</ResultScale>
    <Proportion>LIB</Proportion>
    <SubTitle>Time To Run Z3 Benchmarks</SubTitle>
  </TestInformation>
  <TestProfile>
    <Version>1.0.0</Version>
    <SupportedPlatforms>Linux</SupportedPlatforms>
    <SoftwareType>Utility</SoftwareType>
    <TestType>Processor</TestType>
    <License>Free</License>
    <Status>Verified</Status>
    <ExternalDependencies>build-utilities, cmake</ExternalDependencies>
    <ProjectURL>https://github.com/Z3Prover/z3</ProjectURL>
    <InternalTags>SMP</InternalTags>
    <Maintainer>Lucian Popescu</Maintainer>
  </TestProfile>
</PhoronixTestSuite>
